#
# There is insufficient memory for the Java Runtime Environment to continue.
# Native memory allocation (malloc) failed to allocate 145568 bytes. Error detail: Chunk::new
# Possible reasons:
#   The system is out of physical RAM or swap space
#   This process is running with CompressedOops enabled, and the Java Heap may be blocking the growth of the native heap
# Possible solutions:
#   Reduce memory load on the system
#   Increase physical memory or swap space
#   Check if swap backing store is full
#   Decrease Java heap size (-Xmx/-Xms)
#   Decrease number of Java threads
#   Decrease Java thread stack sizes (-Xss)
#   Set larger code cache with -XX:ReservedCodeCacheSize=
#   JVM is running with Unscaled Compressed Oops mode in which the Java heap is
#     placed in the first 4GB address space. The Java Heap base address is the
#     maximum limit for the native heap growth. Please use -XX:HeapBaseMinAddress
#     to set the Java Heap base and to place the Java Heap above 4GB virtual address.
# This output file may be truncated or incomplete.
#
#  Out of Memory Error (arena.cpp:191), pid=41596, tid=38944
#
# JRE version: OpenJDK Runtime Environment Temurin-17.0.12+7 (17.0.12+7) (build 17.0.12+7)
# Java VM: OpenJDK 64-Bit Server VM Temurin-17.0.12+7 (17.0.12+7, mixed mode, tiered, compressed oops, compressed class ptrs, parallel gc, windows-amd64)
# No core dump will be written. Minidumps are not enabled by default on client versions of Windows
#

---------------  S U M M A R Y ------------

Command Line: --add-modules=ALL-SYSTEM --add-opens=java.base/java.util=ALL-UNNAMED --add-opens=java.base/java.lang=ALL-UNNAMED --add-opens=java.base/sun.nio.fs=ALL-UNNAMED -Declipse.application=org.eclipse.jdt.ls.core.id1 -Dosgi.bundles.defaultStartLevel=4 -Declipse.product=org.eclipse.jdt.ls.core.product -Djava.import.generatesMetadataFilesAtProjectRoot=false -DDetectVMInstallationsJob.disabled=true -Dfile.encoding=utf8 -XX:+UseParallelGC -XX:GCTimeRatio=4 -XX:AdaptiveSizePolicyWeight=90 -Dsun.zip.disableMemoryMapping=true -Xmx1G -Xms100m -Xlog:disable -javaagent:c:\Users\user\.vscode\extensions\redhat.java-1.34.0-win32-x64\lombok\lombok-1.18.33.jar -XX:+HeapDumpOnOutOfMemoryError -XX:HeapDumpPath=c:\Users\user\AppData\Roaming\Code\User\workspaceStorage\db887223c2b6e3add415f21418295f00\redhat.java -Daether.dependencyCollector.impl=bf c:\Users\user\.vscode\extensions\redhat.java-1.34.0-win32-x64\server\plugins\org.eclipse.equinox.launcher_1.6.900.v20240613-2009.jar -configuration c:\Users\user\AppData\Roaming\Code\User\globalStorage\redhat.java\1.34.0\config_win -data c:\Users\user\AppData\Roaming\Code\User\workspaceStorage\db887223c2b6e3add415f21418295f00\redhat.java\jdt_ws --pipe=\\.\pipe\lsp-237200ba48d21f9cc9f742d7c9c2a5f2-sock

Host: 11th Gen Intel(R) Core(TM) i7-1165G7 @ 2.80GHz, 8 cores, 15G,  Windows 11 , 64 bit Build 22621 (10.0.22621.3958)
Time: Wed Sep 18 20:58:33 2024  Windows 11 , 64 bit Build 22621 (10.0.22621.3958) elapsed time: 21.988608 seconds (0d 0h 0m 21s)

---------------  T H R E A D  ---------------

Current thread (0x000001ccb63bde80):  JavaThread "C2 CompilerThread0" daemon [_thread_in_native, id=38944, stack(0x000000be9f900000,0x000000be9fa00000)]


Current CompileTask:
C2:  21988 4199       4       org.eclipse.sisu.space.asm.ClassReader::readUtf (44 bytes)

Stack: [0x000000be9f900000,0x000000be9fa00000]
Native frames: (J=compiled Java code, j=interpreted, Vv=VM code, C=native code)
V  [jvm.dll+0x67f929]
V  [jvm.dll+0x8371ba]
V  [jvm.dll+0x838c7e]
V  [jvm.dll+0x8392e3]
V  [jvm.dll+0x24834f]
V  [jvm.dll+0xac9d4]
V  [jvm.dll+0xad01c]
V  [jvm.dll+0x3674a7]
V  [jvm.dll+0x33197a]
V  [jvm.dll+0x330e1a]
V  [jvm.dll+0x21a8b1]
V  [jvm.dll+0x219cf1]
V  [jvm.dll+0x1a58bd]
V  [jvm.dll+0x229a2d]
V  [jvm.dll+0x227bdc]
V  [jvm.dll+0x7ec1f7]
V  [jvm.dll+0x7e65dc]
V  [jvm.dll+0x67e7f7]
C  [ucrtbase.dll+0x29333]
C  [KERNEL32.DLL+0x1257d]
C  [ntdll.dll+0x5af28]


---------------  P R O C E S S  ---------------

Threads class SMR info:
_java_thread_list=0x000001ccba62dd00, length=36, elements={
0x000001cc9d3f1280, 0x000001ccb12749f0, 0x000001ccb1275ce0, 0x000001ccb63b39e0,
0x000001ccb63b43b0, 0x000001ccb639dc90, 0x000001ccb639ee00, 0x000001ccb63bde80,
0x000001ccb63e46b0, 0x000001ccb63fdb20, 0x000001ccb64d2890, 0x000001ccb66b4e80,
0x000001ccb7bbb570, 0x000001ccb7c0dca0, 0x000001ccb7b59020, 0x000001ccb7727680,
0x000001ccb7e7ac30, 0x000001ccb7e788c0, 0x000001ccb7e7b140, 0x000001ccb7e78dd0,
0x000001ccb7e7b650, 0x000001ccb7e79d00, 0x000001ccb8e379c0, 0x000001ccb7e7a210,
0x000001ccb7e792e0, 0x000001ccb7e783b0, 0x000001ccba60caf0, 0x000001ccba60ac90,
0x000001ccba609340, 0x000001ccba60ee60, 0x000001ccba60b1a0, 0x000001ccba60e950,
0x000001ccba60fd90, 0x000001ccba60df30, 0x000001ccba60e440, 0x000001ccba60f370
}

Java Threads: ( => current thread )
  0x000001cc9d3f1280 JavaThread "main" [_thread_blocked, id=31912, stack(0x000000be9f000000,0x000000be9f100000)]
  0x000001ccb12749f0 JavaThread "Reference Handler" daemon [_thread_blocked, id=28084, stack(0x000000be9f300000,0x000000be9f400000)]
  0x000001ccb1275ce0 JavaThread "Finalizer" daemon [_thread_blocked, id=35624, stack(0x000000be9f400000,0x000000be9f500000)]
  0x000001ccb63b39e0 JavaThread "Signal Dispatcher" daemon [_thread_blocked, id=38172, stack(0x000000be9f500000,0x000000be9f600000)]
  0x000001ccb63b43b0 JavaThread "Attach Listener" daemon [_thread_blocked, id=33120, stack(0x000000be9f600000,0x000000be9f700000)]
  0x000001ccb639dc90 JavaThread "Service Thread" daemon [_thread_blocked, id=40912, stack(0x000000be9f700000,0x000000be9f800000)]
  0x000001ccb639ee00 JavaThread "Monitor Deflation Thread" daemon [_thread_blocked, id=10656, stack(0x000000be9f800000,0x000000be9f900000)]
=>0x000001ccb63bde80 JavaThread "C2 CompilerThread0" daemon [_thread_in_native, id=38944, stack(0x000000be9f900000,0x000000be9fa00000)]
  0x000001ccb63e46b0 JavaThread "C1 CompilerThread0" daemon [_thread_in_native, id=33260, stack(0x000000be9fa00000,0x000000be9fb00000)]
  0x000001ccb63fdb20 JavaThread "Sweeper thread" daemon [_thread_blocked, id=37504, stack(0x000000be9fb00000,0x000000be9fc00000)]
  0x000001ccb64d2890 JavaThread "Common-Cleaner" daemon [_thread_blocked, id=30612, stack(0x000000be9fc00000,0x000000be9fd00000)]
  0x000001ccb66b4e80 JavaThread "Notification Thread" daemon [_thread_blocked, id=11700, stack(0x000000be9fd00000,0x000000be9fe00000)]
  0x000001ccb7bbb570 JavaThread "Active Thread: Equinox Container: 00fdad38-45bd-44f2-b0d9-fc64567b348d" [_thread_blocked, id=13732, stack(0x000000bea0000000,0x000000bea0100000)]
  0x000001ccb7c0dca0 JavaThread "Framework Event Dispatcher: Equinox Container: 00fdad38-45bd-44f2-b0d9-fc64567b348d" daemon [_thread_blocked, id=26724, stack(0x000000be9ff00000,0x000000bea0000000)]
  0x000001ccb7b59020 JavaThread "Start Level: Equinox Container: 00fdad38-45bd-44f2-b0d9-fc64567b348d" daemon [_thread_blocked, id=31652, stack(0x000000bea0800000,0x000000bea0900000)]
  0x000001ccb7727680 JavaThread "Bundle File Closer" daemon [_thread_blocked, id=36392, stack(0x000000bea0a00000,0x000000bea0b00000)]
  0x000001ccb7e7ac30 JavaThread "SCR Component Actor" daemon [_thread_blocked, id=41472, stack(0x000000bea0700000,0x000000bea0800000)]
  0x000001ccb7e788c0 JavaThread "SCR Component Registry" daemon [_thread_blocked, id=27084, stack(0x000000bea0b00000,0x000000bea0c00000)]
  0x000001ccb7e7b140 JavaThread "Worker-JM" [_thread_blocked, id=40744, stack(0x000000bea0c00000,0x000000bea0d00000)]
  0x000001ccb7e78dd0 JavaThread "Worker-0: Repository registry initialization" [_thread_in_Java, id=40800, stack(0x000000bea0d00000,0x000000bea0e00000)]
  0x000001ccb7e7b650 JavaThread "Worker-1: Updating Maven Dependencies" [_thread_blocked, id=30884, stack(0x000000bea0e00000,0x000000bea0f00000)]
  0x000001ccb7e79d00 JavaThread "Java indexing" daemon [_thread_blocked, id=16540, stack(0x000000bea1000000,0x000000bea1100000)]
  0x000001ccb8e379c0 JavaThread "C2 CompilerThread1" daemon [_thread_in_native, id=18248, stack(0x000000bea0f00000,0x000000bea1000000)]
  0x000001ccb7e7a210 JavaThread "Worker-2" [_thread_blocked, id=7628, stack(0x000000bea1100000,0x000000bea1200000)]
  0x000001ccb7e792e0 JavaThread "Worker-3" [_thread_blocked, id=20964, stack(0x000000bea1300000,0x000000bea1400000)]
  0x000001ccb7e783b0 JavaThread "JNA Cleaner" daemon [_thread_blocked, id=31484, stack(0x000000bea1400000,0x000000bea1500000)]
  0x000001ccba60caf0 JavaThread "Thread-2" daemon [_thread_in_native, id=34992, stack(0x000000bea1200000,0x000000bea1300000)]
  0x000001ccba60ac90 JavaThread "Thread-3" daemon [_thread_in_native, id=31700, stack(0x000000bea1500000,0x000000bea1600000)]
  0x000001ccba609340 JavaThread "Thread-4" daemon [_thread_in_native, id=29120, stack(0x000000bea1600000,0x000000bea1700000)]
  0x000001ccba60ee60 JavaThread "Thread-5" daemon [_thread_in_native, id=9884, stack(0x000000bea1700000,0x000000bea1800000)]
  0x000001ccba60b1a0 JavaThread "Thread-6" daemon [_thread_in_native, id=35104, stack(0x000000bea1800000,0x000000bea1900000)]
  0x000001ccba60e950 JavaThread "Thread-7" daemon [_thread_in_native, id=26668, stack(0x000000bea1900000,0x000000bea1a00000)]
  0x000001ccba60fd90 JavaThread "Thread-8" daemon [_thread_in_native, id=9876, stack(0x000000bea1a00000,0x000000bea1b00000)]
  0x000001ccba60df30 JavaThread "Thread-9" daemon [_thread_in_native, id=35168, stack(0x000000bea1b00000,0x000000bea1c00000)]
  0x000001ccba60e440 JavaThread "Thread-10" daemon [_thread_in_native, id=38356, stack(0x000000bea1c00000,0x000000bea1d00000)]
  0x000001ccba60f370 JavaThread "Framework stop - Equinox Container: 00fdad38-45bd-44f2-b0d9-fc64567b348d" [_thread_blocked, id=28144, stack(0x000000bea1d00000,0x000000bea1e00000)]

Other Threads:
  0x000001cc9d481580 VMThread "VM Thread" [stack: 0x000000be9f200000,0x000000be9f300000] [id=29988]
  0x000001ccb66b5360 WatcherThread [stack: 0x000000be9fe00000,0x000000be9ff00000] [id=41560]
  0x000001cc9d409130 GCTaskThread "GC Thread#0" [stack: 0x000000be9f100000,0x000000be9f200000] [id=27656]
  0x000001ccb7acd8f0 GCTaskThread "GC Thread#1" [stack: 0x000000bea0100000,0x000000bea0200000] [id=24308]
  0x000001ccb7acdbb0 GCTaskThread "GC Thread#2" [stack: 0x000000bea0200000,0x000000bea0300000] [id=41572]
  0x000001ccb7acde70 GCTaskThread "GC Thread#3" [stack: 0x000000bea0300000,0x000000bea0400000] [id=18500]
  0x000001ccb7db1300 GCTaskThread "GC Thread#4" [stack: 0x000000bea0400000,0x000000bea0500000] [id=29872]
  0x000001ccb7db15c0 GCTaskThread "GC Thread#5" [stack: 0x000000bea0500000,0x000000bea0600000] [id=25228]
  0x000001ccb7db1880 GCTaskThread "GC Thread#6" [stack: 0x000000bea0600000,0x000000bea0700000] [id=1916]
  0x000001cc9b2ec020 GCTaskThread "GC Thread#7" [stack: 0x000000bea0900000,0x000000bea0a00000] [id=40164]

Threads with active compile tasks:
C2 CompilerThread0    22068 4199       4       org.eclipse.sisu.space.asm.ClassReader::readUtf (44 bytes)
C1 CompilerThread0    22069 4283       3       com.google.inject.TypeLiteral::resolveType (309 bytes)
C2 CompilerThread1    22069 4214       4       org.osgi.framework.Version::toString0 (102 bytes)

VM state: not at safepoint (normal execution)

VM Mutex/Monitor currently owned by a thread: None

OutOfMemory and StackOverflow Exception counts:
StackOverflowErrors=1
LinkageErrors=67

Heap address: 0x00000000c0000000, size: 1024 MB, Compressed Oops mode: 32-bit

CDS archive(s) not mapped
Compressed class space mapped at: 0x0000000100000000-0x0000000140000000, reserved size: 1073741824
Narrow klass base: 0x0000000000000000, Narrow klass shift: 3, Narrow klass range: 0x140000000

GC Precious Log:
 CPUs: 8 total, 8 available
 Memory: 16057M
 Large Page Support: Disabled
 NUMA Support: Disabled
 Compressed Oops: Enabled (32-bit)
 Alignments: Space 512K, Generation 512K, Heap 2M
 Heap Min Capacity: 100M
 Heap Initial Capacity: 100M
 Heap Max Capacity: 1G
 Pre-touch: Disabled
 Parallel Workers: 8

Heap:
 PSYoungGen      total 24064K, used 14860K [0x00000000eab00000, 0x00000000ec780000, 0x0000000100000000)
  eden space 22528K, 61% used [0x00000000eab00000,0x00000000eb87bc88,0x00000000ec100000)
  from space 1536K, 68% used [0x00000000ec600000,0x00000000ec707678,0x00000000ec780000)
  to   space 1536K, 0% used [0x00000000ec480000,0x00000000ec480000,0x00000000ec600000)
 ParOldGen       total 68608K, used 16128K [0x00000000c0000000, 0x00000000c4300000, 0x00000000eab00000)
  object space 68608K, 23% used [0x00000000c0000000,0x00000000c0fc0058,0x00000000c4300000)
 Metaspace       used 41341K, committed 42304K, reserved 1114112K
  class space    used 4263K, committed 4672K, reserved 1048576K

Card table byte_map: [0x000001cc9cda0000,0x000001cc9cfb0000] _byte_map_base: 0x000001cc9c7a0000

Marking Bits: (ParMarkBitMap*) 0x00007ff90c2c58b0
 Begin Bits: [0x000001ccaf080000, 0x000001ccb0080000)
 End Bits:   [0x000001ccb0080000, 0x000001ccb1080000)

Polling page: 0x000001cc9b1e0000

Metaspace:

Usage:
  Non-class:     36.21 MB used.
      Class:      4.16 MB used.
       Both:     40.37 MB used.

Virtual space:
  Non-class space:       64.00 MB reserved,      36.75 MB ( 57%) committed,  1 nodes.
      Class space:        1.00 GB reserved,       4.56 MB ( <1%) committed,  1 nodes.
             Both:        1.06 GB reserved,      41.31 MB (  4%) committed. 

Chunk freelists:
   Non-Class:  10.55 MB
       Class:  11.41 MB
        Both:  21.96 MB

MaxMetaspaceSize: unlimited
CompressedClassSpaceSize: 1.00 GB
Initial GC threshold: 21.00 MB
Current GC threshold: 58.38 MB
CDS: off
MetaspaceReclaimPolicy: balanced
 - commit_granule_bytes: 65536.
 - commit_granule_words: 8192.
 - virtual_space_node_default_size: 8388608.
 - enlarge_chunks_in_place: 1.
 - new_chunks_are_fully_committed: 0.
 - uncommit_free_chunks: 1.
 - use_allocation_guard: 0.
 - handle_deallocations: 1.


Internal statistics:

num_allocs_failed_limit: 6.
num_arena_births: 500.
num_arena_deaths: 24.
num_vsnodes_births: 2.
num_vsnodes_deaths: 0.
num_space_committed: 661.
num_space_uncommitted: 0.
num_chunks_returned_to_freelist: 31.
num_chunks_taken_from_freelist: 1843.
num_chunk_merges: 11.
num_chunk_splits: 1195.
num_chunks_enlarged: 790.
num_inconsistent_stats: 0.

CodeHeap 'non-profiled nmethods': size=120000Kb used=2168Kb max_used=2168Kb free=117831Kb
 bounds [0x000001cca7b50000, 0x000001cca7dc0000, 0x000001ccaf080000]
CodeHeap 'profiled nmethods': size=120000Kb used=9165Kb max_used=9165Kb free=110834Kb
 bounds [0x000001cca0080000, 0x000001cca0980000, 0x000001cca75b0000]
CodeHeap 'non-nmethods': size=5760Kb used=1287Kb max_used=1340Kb free=4472Kb
 bounds [0x000001cca75b0000, 0x000001cca7820000, 0x000001cca7b50000]
 total_blobs=4882 nmethods=4280 adapters=515
 compilation: enabled
              stopped_count=0, restarted_count=0
 full_count=0

Compilation events (20 events):
Event: 21.967 Thread 0x000001ccb63e46b0 4195       3       java.util.concurrent.atomic.AtomicReferenceArray::get (12 bytes)
Event: 21.968 Thread 0x000001ccb63e46b0 nmethod 4195 0x000001cca0919290 code [0x000001cca0919500, 0x000001cca091a268]
Event: 21.968 Thread 0x000001ccb63e46b0 4196       3       java.lang.invoke.VarHandleGuards::guard_LI_L (89 bytes)
Event: 21.971 Thread 0x000001ccb63bde80 4199       4       org.eclipse.sisu.space.asm.ClassReader::readUtf (44 bytes)
Event: 21.971 Thread 0x000001ccb63e46b0 nmethod 4196 0x000001cca091a610 code [0x000001cca091a980, 0x000001cca091c828]
Event: 21.971 Thread 0x000001ccb63e46b0 4198       3       java.lang.Class::getInterfaces (6 bytes)
Event: 21.971 Thread 0x000001ccb63e46b0 nmethod 4198 0x000001cca091d190 code [0x000001cca091d320, 0x000001cca091d468]
Event: 21.971 Thread 0x000001ccb63e46b0 4197       3       java.lang.invoke.VarHandleReferences$Array::getVolatile (49 bytes)
Event: 21.972 Thread 0x000001ccb8e379c0 nmethod 4182 0x000001cca7d6b010 code [0x000001cca7d6b220, 0x000001cca7d6bce0]
Event: 21.972 Thread 0x000001ccb63e46b0 nmethod 4197 0x000001cca091d510 code [0x000001cca091d700, 0x000001cca091dd48]
Event: 21.974 Thread 0x000001ccb63e46b0 4202       3       com.google.common.cache.LocalCache$Segment::getEntry (73 bytes)
Event: 21.974 Thread 0x000001ccb8e379c0 4204       4       jdk.internal.org.objectweb.asm.ByteVector::putShort (52 bytes)
Event: 21.975 Thread 0x000001ccb63e46b0 nmethod 4202 0x000001cca091e010 code [0x000001cca091e300, 0x000001cca091f4b8]
Event: 21.975 Thread 0x000001ccb63e46b0 4203       3       com.google.common.cache.LocalCache$Segment::getFirst (21 bytes)
Event: 21.976 Thread 0x000001ccb8e379c0 nmethod 4204 0x000001cca7d6ce90 code [0x000001cca7d6d020, 0x000001cca7d6d1a8]
Event: 21.977 Thread 0x000001ccb63e46b0 nmethod 4203 0x000001cca091fa90 code [0x000001cca091fd20, 0x000001cca0920ac8]
Event: 21.977 Thread 0x000001ccb63e46b0 4205       3       com.google.common.cache.LocalCache$Segment::getLiveValue (61 bytes)
Event: 21.980 Thread 0x000001ccb63e46b0 nmethod 4205 0x000001cca0920f10 code [0x000001cca0921360, 0x000001cca0923498]
Event: 21.980 Thread 0x000001ccb63e46b0 4206       3       jdk.internal.loader.AbstractClassLoaderValue$Sub::equals (55 bytes)
Event: 21.980 Thread 0x000001ccb63e46b0 nmethod 4206 0x000001cca0923e90 code [0x000001cca0924080, 0x000001cca09247b8]

GC Heap History (20 events):
Event: 19.156 GC heap before
{Heap before GC invocations=5 (full 0):
 PSYoungGen      total 29696K, used 8714K [0x00000000eab00000, 0x00000000ecc00000, 0x0000000100000000)
  eden space 25600K, 18% used [0x00000000eab00000,0x00000000eaf843e8,0x00000000ec400000)
  from space 4096K, 99% used [0x00000000ec800000,0x00000000ecbfe7f8,0x00000000ecc00000)
  to   space 4096K, 0% used [0x00000000ec400000,0x00000000ec400000,0x00000000ec800000)
 ParOldGen       total 68608K, used 6586K [0x00000000c0000000, 0x00000000c4300000, 0x00000000eab00000)
  object space 68608K, 9% used [0x00000000c0000000,0x00000000c066e970,0x00000000c4300000)
 Metaspace       used 21103K, committed 21504K, reserved 1114112K
  class space    used 2143K, committed 2304K, reserved 1048576K
}
Event: 19.159 GC heap after
{Heap after GC invocations=5 (full 0):
 PSYoungGen      total 29696K, used 4089K [0x00000000eab00000, 0x00000000ece00000, 0x0000000100000000)
  eden space 25600K, 0% used [0x00000000eab00000,0x00000000eab00000,0x00000000ec400000)
  from space 4096K, 99% used [0x00000000ec400000,0x00000000ec7fe7f8,0x00000000ec800000)
  to   space 5120K, 0% used [0x00000000ec900000,0x00000000ec900000,0x00000000ece00000)
 ParOldGen       total 68608K, used 6968K [0x00000000c0000000, 0x00000000c4300000, 0x00000000eab00000)
  object space 68608K, 10% used [0x00000000c0000000,0x00000000c06ce258,0x00000000c4300000)
 Metaspace       used 21103K, committed 21504K, reserved 1114112K
  class space    used 2143K, committed 2304K, reserved 1048576K
}
Event: 19.159 GC heap before
{Heap before GC invocations=6 (full 1):
 PSYoungGen      total 29696K, used 4089K [0x00000000eab00000, 0x00000000ece00000, 0x0000000100000000)
  eden space 25600K, 0% used [0x00000000eab00000,0x00000000eab00000,0x00000000ec400000)
  from space 4096K, 99% used [0x00000000ec400000,0x00000000ec7fe7f8,0x00000000ec800000)
  to   space 5120K, 0% used [0x00000000ec900000,0x00000000ec900000,0x00000000ece00000)
 ParOldGen       total 68608K, used 6968K [0x00000000c0000000, 0x00000000c4300000, 0x00000000eab00000)
  object space 68608K, 10% used [0x00000000c0000000,0x00000000c06ce258,0x00000000c4300000)
 Metaspace       used 21103K, committed 21504K, reserved 1114112K
  class space    used 2143K, committed 2304K, reserved 1048576K
}
Event: 19.182 GC heap after
{Heap after GC invocations=6 (full 1):
 PSYoungGen      total 29696K, used 0K [0x00000000eab00000, 0x00000000ece00000, 0x0000000100000000)
  eden space 25600K, 0% used [0x00000000eab00000,0x00000000eab00000,0x00000000ec400000)
  from space 4096K, 0% used [0x00000000ec400000,0x00000000ec400000,0x00000000ec800000)
  to   space 5120K, 0% used [0x00000000ec900000,0x00000000ec900000,0x00000000ece00000)
 ParOldGen       total 68608K, used 10804K [0x00000000c0000000, 0x00000000c4300000, 0x00000000eab00000)
  object space 68608K, 15% used [0x00000000c0000000,0x00000000c0a8d150,0x00000000c4300000)
 Metaspace       used 21090K, committed 21504K, reserved 1114112K
  class space    used 2139K, committed 2304K, reserved 1048576K
}
Event: 19.483 GC heap before
{Heap before GC invocations=7 (full 1):
 PSYoungGen      total 29696K, used 25600K [0x00000000eab00000, 0x00000000ece00000, 0x0000000100000000)
  eden space 25600K, 100% used [0x00000000eab00000,0x00000000ec400000,0x00000000ec400000)
  from space 4096K, 0% used [0x00000000ec400000,0x00000000ec400000,0x00000000ec800000)
  to   space 5120K, 0% used [0x00000000ec900000,0x00000000ec900000,0x00000000ece00000)
 ParOldGen       total 68608K, used 10804K [0x00000000c0000000, 0x00000000c4300000, 0x00000000eab00000)
  object space 68608K, 15% used [0x00000000c0000000,0x00000000c0a8d150,0x00000000c4300000)
 Metaspace       used 24306K, committed 24960K, reserved 1114112K
  class space    used 2489K, committed 2752K, reserved 1048576K
}
Event: 19.486 GC heap after
{Heap after GC invocations=7 (full 1):
 PSYoungGen      total 26624K, used 1229K [0x00000000eab00000, 0x00000000eca80000, 0x0000000100000000)
  eden space 25088K, 0% used [0x00000000eab00000,0x00000000eab00000,0x00000000ec380000)
  from space 1536K, 80% used [0x00000000ec900000,0x00000000eca33788,0x00000000eca80000)
  to   space 2560K, 0% used [0x00000000ec580000,0x00000000ec580000,0x00000000ec800000)
 ParOldGen       total 68608K, used 10812K [0x00000000c0000000, 0x00000000c4300000, 0x00000000eab00000)
  object space 68608K, 15% used [0x00000000c0000000,0x00000000c0a8f150,0x00000000c4300000)
 Metaspace       used 24306K, committed 24960K, reserved 1114112K
  class space    used 2489K, committed 2752K, reserved 1048576K
}
Event: 19.696 GC heap before
{Heap before GC invocations=8 (full 1):
 PSYoungGen      total 26624K, used 26317K [0x00000000eab00000, 0x00000000eca80000, 0x0000000100000000)
  eden space 25088K, 100% used [0x00000000eab00000,0x00000000ec380000,0x00000000ec380000)
  from space 1536K, 80% used [0x00000000ec900000,0x00000000eca33788,0x00000000eca80000)
  to   space 2560K, 0% used [0x00000000ec580000,0x00000000ec580000,0x00000000ec800000)
 ParOldGen       total 68608K, used 10812K [0x00000000c0000000, 0x00000000c4300000, 0x00000000eab00000)
  object space 68608K, 15% used [0x00000000c0000000,0x00000000c0a8f150,0x00000000c4300000)
 Metaspace       used 27142K, committed 27840K, reserved 1114112K
  class space    used 2773K, committed 3072K, reserved 1048576K
}
Event: 19.699 GC heap after
{Heap after GC invocations=8 (full 1):
 PSYoungGen      total 27136K, used 2544K [0x00000000eab00000, 0x00000000ecd00000, 0x0000000100000000)
  eden space 24576K, 0% used [0x00000000eab00000,0x00000000eab00000,0x00000000ec300000)
  from space 2560K, 99% used [0x00000000ec580000,0x00000000ec7fc370,0x00000000ec800000)
  to   space 5120K, 0% used [0x00000000ec800000,0x00000000ec800000,0x00000000ecd00000)
 ParOldGen       total 68608K, used 12691K [0x00000000c0000000, 0x00000000c4300000, 0x00000000eab00000)
  object space 68608K, 18% used [0x00000000c0000000,0x00000000c0c64e50,0x00000000c4300000)
 Metaspace       used 27142K, committed 27840K, reserved 1114112K
  class space    used 2773K, committed 3072K, reserved 1048576K
}
Event: 19.865 GC heap before
{Heap before GC invocations=9 (full 1):
 PSYoungGen      total 27136K, used 27101K [0x00000000eab00000, 0x00000000ecd00000, 0x0000000100000000)
  eden space 24576K, 99% used [0x00000000eab00000,0x00000000ec2fb3a8,0x00000000ec300000)
  from space 2560K, 99% used [0x00000000ec580000,0x00000000ec7fc370,0x00000000ec800000)
  to   space 5120K, 0% used [0x00000000ec800000,0x00000000ec800000,0x00000000ecd00000)
 ParOldGen       total 68608K, used 12691K [0x00000000c0000000, 0x00000000c4300000, 0x00000000eab00000)
  object space 68608K, 18% used [0x00000000c0000000,0x00000000c0c64e50,0x00000000c4300000)
 Metaspace       used 30064K, committed 30784K, reserved 1114112K
  class space    used 2976K, committed 3264K, reserved 1048576K
}
Event: 19.868 GC heap after
{Heap after GC invocations=9 (full 1):
 PSYoungGen      total 27136K, used 2624K [0x00000000eab00000, 0x00000000ecb00000, 0x0000000100000000)
  eden space 24064K, 0% used [0x00000000eab00000,0x00000000eab00000,0x00000000ec280000)
  from space 3072K, 85% used [0x00000000ec800000,0x00000000eca901b8,0x00000000ecb00000)
  to   space 3584K, 0% used [0x00000000ec400000,0x00000000ec400000,0x00000000ec780000)
 ParOldGen       total 68608K, used 12691K [0x00000000c0000000, 0x00000000c4300000, 0x00000000eab00000)
  object space 68608K, 18% used [0x00000000c0000000,0x00000000c0c64e50,0x00000000c4300000)
 Metaspace       used 30064K, committed 30784K, reserved 1114112K
  class space    used 2976K, committed 3264K, reserved 1048576K
}
Event: 20.087 GC heap before
{Heap before GC invocations=10 (full 1):
 PSYoungGen      total 27136K, used 26688K [0x00000000eab00000, 0x00000000ecb00000, 0x0000000100000000)
  eden space 24064K, 100% used [0x00000000eab00000,0x00000000ec280000,0x00000000ec280000)
  from space 3072K, 85% used [0x00000000ec800000,0x00000000eca901b8,0x00000000ecb00000)
  to   space 3584K, 0% used [0x00000000ec400000,0x00000000ec400000,0x00000000ec780000)
 ParOldGen       total 68608K, used 12691K [0x00000000c0000000, 0x00000000c4300000, 0x00000000eab00000)
  object space 68608K, 18% used [0x00000000c0000000,0x00000000c0c64e50,0x00000000c4300000)
 Metaspace       used 31645K, committed 32384K, reserved 1114112K
  class space    used 3091K, committed 3392K, reserved 1048576K
}
Event: 20.090 GC heap after
{Heap after GC invocations=10 (full 1):
 PSYoungGen      total 27136K, used 3553K [0x00000000eab00000, 0x00000000ecc00000, 0x0000000100000000)
  eden space 23552K, 0% used [0x00000000eab00000,0x00000000eab00000,0x00000000ec200000)
  from space 3584K, 99% used [0x00000000ec400000,0x00000000ec778648,0x00000000ec780000)
  to   space 4608K, 0% used [0x00000000ec780000,0x00000000ec780000,0x00000000ecc00000)
 ParOldGen       total 68608K, used 13840K [0x00000000c0000000, 0x00000000c4300000, 0x00000000eab00000)
  object space 68608K, 20% used [0x00000000c0000000,0x00000000c0d843f8,0x00000000c4300000)
 Metaspace       used 31645K, committed 32384K, reserved 1114112K
  class space    used 3091K, committed 3392K, reserved 1048576K
}
Event: 20.755 GC heap before
{Heap before GC invocations=11 (full 1):
 PSYoungGen      total 27136K, used 25160K [0x00000000eab00000, 0x00000000ecc00000, 0x0000000100000000)
  eden space 23552K, 91% used [0x00000000eab00000,0x00000000ec019d20,0x00000000ec200000)
  from space 3584K, 99% used [0x00000000ec400000,0x00000000ec778648,0x00000000ec780000)
  to   space 4608K, 0% used [0x00000000ec780000,0x00000000ec780000,0x00000000ecc00000)
 ParOldGen       total 68608K, used 13840K [0x00000000c0000000, 0x00000000c4300000, 0x00000000eab00000)
  object space 68608K, 20% used [0x00000000c0000000,0x00000000c0d843f8,0x00000000c4300000)
 Metaspace       used 35058K, committed 35840K, reserved 1114112K
  class space    used 3448K, committed 3776K, reserved 1048576K
}
Event: 20.759 GC heap after
{Heap after GC invocations=11 (full 1):
 PSYoungGen      total 27136K, used 3422K [0x00000000eab00000, 0x00000000ecb00000, 0x0000000100000000)
  eden space 23552K, 0% used [0x00000000eab00000,0x00000000eab00000,0x00000000ec200000)
  from space 3584K, 95% used [0x00000000ec780000,0x00000000ecad7be0,0x00000000ecb00000)
  to   space 4096K, 0% used [0x00000000ec300000,0x00000000ec300000,0x00000000ec700000)
 ParOldGen       total 68608K, used 15279K [0x00000000c0000000, 0x00000000c4300000, 0x00000000eab00000)
  object space 68608K, 22% used [0x00000000c0000000,0x00000000c0eebc88,0x00000000c4300000)
 Metaspace       used 35058K, committed 35840K, reserved 1114112K
  class space    used 3448K, committed 3776K, reserved 1048576K
}
Event: 20.759 GC heap before
{Heap before GC invocations=12 (full 2):
 PSYoungGen      total 27136K, used 3422K [0x00000000eab00000, 0x00000000ecb00000, 0x0000000100000000)
  eden space 23552K, 0% used [0x00000000eab00000,0x00000000eab00000,0x00000000ec200000)
  from space 3584K, 95% used [0x00000000ec780000,0x00000000ecad7be0,0x00000000ecb00000)
  to   space 4096K, 0% used [0x00000000ec300000,0x00000000ec300000,0x00000000ec700000)
 ParOldGen       total 68608K, used 15279K [0x00000000c0000000, 0x00000000c4300000, 0x00000000eab00000)
  object space 68608K, 22% used [0x00000000c0000000,0x00000000c0eebc88,0x00000000c4300000)
 Metaspace       used 35058K, committed 35840K, reserved 1114112K
  class space    used 3448K, committed 3776K, reserved 1048576K
}
Event: 20.796 GC heap after
{Heap after GC invocations=12 (full 2):
 PSYoungGen      total 27136K, used 0K [0x00000000eab00000, 0x00000000ecb00000, 0x0000000100000000)
  eden space 23552K, 0% used [0x00000000eab00000,0x00000000eab00000,0x00000000ec200000)
  from space 3584K, 0% used [0x00000000ec780000,0x00000000ec780000,0x00000000ecb00000)
  to   space 4096K, 0% used [0x00000000ec300000,0x00000000ec300000,0x00000000ec700000)
 ParOldGen       total 68608K, used 15590K [0x00000000c0000000, 0x00000000c4300000, 0x00000000eab00000)
  object space 68608K, 22% used [0x00000000c0000000,0x00000000c0f39b40,0x00000000c4300000)
 Metaspace       used 35049K, committed 35840K, reserved 1114112K
  class space    used 3446K, committed 3776K, reserved 1048576K
}
Event: 21.374 GC heap before
{Heap before GC invocations=13 (full 2):
 PSYoungGen      total 27136K, used 23552K [0x00000000eab00000, 0x00000000ecb00000, 0x0000000100000000)
  eden space 23552K, 100% used [0x00000000eab00000,0x00000000ec200000,0x00000000ec200000)
  from space 3584K, 0% used [0x00000000ec780000,0x00000000ec780000,0x00000000ecb00000)
  to   space 4096K, 0% used [0x00000000ec300000,0x00000000ec300000,0x00000000ec700000)
 ParOldGen       total 68608K, used 15590K [0x00000000c0000000, 0x00000000c4300000, 0x00000000eab00000)
  object space 68608K, 22% used [0x00000000c0000000,0x00000000c0f39b40,0x00000000c4300000)
 Metaspace       used 37980K, committed 38784K, reserved 1114112K
  class space    used 3852K, committed 4160K, reserved 1048576K
}
Event: 21.378 GC heap after
{Heap after GC invocations=13 (full 2):
 PSYoungGen      total 24064K, used 765K [0x00000000eab00000, 0x00000000ec800000, 0x0000000100000000)
  eden space 23040K, 0% used [0x00000000eab00000,0x00000000eab00000,0x00000000ec180000)
  from space 1024K, 74% used [0x00000000ec300000,0x00000000ec3bf658,0x00000000ec400000)
  to   space 2048K, 0% used [0x00000000ec600000,0x00000000ec600000,0x00000000ec800000)
 ParOldGen       total 68608K, used 15598K [0x00000000c0000000, 0x00000000c4300000, 0x00000000eab00000)
  object space 68608K, 22% used [0x00000000c0000000,0x00000000c0f3bb40,0x00000000c4300000)
 Metaspace       used 37980K, committed 38784K, reserved 1114112K
  class space    used 3852K, committed 4160K, reserved 1048576K
}
Event: 21.921 GC heap before
{Heap before GC invocations=14 (full 2):
 PSYoungGen      total 24064K, used 23805K [0x00000000eab00000, 0x00000000ec800000, 0x0000000100000000)
  eden space 23040K, 100% used [0x00000000eab00000,0x00000000ec180000,0x00000000ec180000)
  from space 1024K, 74% used [0x00000000ec300000,0x00000000ec3bf658,0x00000000ec400000)
  to   space 2048K, 0% used [0x00000000ec600000,0x00000000ec600000,0x00000000ec800000)
 ParOldGen       total 68608K, used 15598K [0x00000000c0000000, 0x00000000c4300000, 0x00000000eab00000)
  object space 68608K, 22% used [0x00000000c0000000,0x00000000c0f3bb40,0x00000000c4300000)
 Metaspace       used 39887K, committed 40704K, reserved 1114112K
  class space    used 4090K, committed 4416K, reserved 1048576K
}
Event: 21.924 GC heap after
{Heap after GC invocations=14 (full 2):
 PSYoungGen      total 24064K, used 1053K [0x00000000eab00000, 0x00000000ec780000, 0x0000000100000000)
  eden space 22528K, 0% used [0x00000000eab00000,0x00000000eab00000,0x00000000ec100000)
  from space 1536K, 68% used [0x00000000ec600000,0x00000000ec707678,0x00000000ec780000)
  to   space 1536K, 0% used [0x00000000ec480000,0x00000000ec480000,0x00000000ec600000)
 ParOldGen       total 68608K, used 16128K [0x00000000c0000000, 0x00000000c4300000, 0x00000000eab00000)
  object space 68608K, 23% used [0x00000000c0000000,0x00000000c0fc0058,0x00000000c4300000)
 Metaspace       used 39887K, committed 40704K, reserved 1114112K
  class space    used 4090K, committed 4416K, reserved 1048576K
}

Dll operation events (12 events):
Event: 0.082 Loaded shared library c:\Users\user\.vscode\extensions\redhat.java-1.34.0-win32-x64\jre\17.0.12-win32-x86_64\bin\java.dll
Event: 0.360 Loaded shared library c:\Users\user\.vscode\extensions\redhat.java-1.34.0-win32-x64\jre\17.0.12-win32-x86_64\bin\zip.dll
Event: 0.373 Loaded shared library C:\Users\user\.vscode\extensions\redhat.java-1.34.0-win32-x64\jre\17.0.12-win32-x86_64\bin\instrument.dll
Event: 0.394 Loaded shared library C:\Users\user\.vscode\extensions\redhat.java-1.34.0-win32-x64\jre\17.0.12-win32-x86_64\bin\net.dll
Event: 0.401 Loaded shared library C:\Users\user\.vscode\extensions\redhat.java-1.34.0-win32-x64\jre\17.0.12-win32-x86_64\bin\nio.dll
Event: 0.414 Loaded shared library C:\Users\user\.vscode\extensions\redhat.java-1.34.0-win32-x64\jre\17.0.12-win32-x86_64\bin\zip.dll
Event: 0.451 Loaded shared library C:\Users\user\.vscode\extensions\redhat.java-1.34.0-win32-x64\jre\17.0.12-win32-x86_64\bin\jimage.dll
Event: 0.579 Loaded shared library c:\Users\user\.vscode\extensions\redhat.java-1.34.0-win32-x64\jre\17.0.12-win32-x86_64\bin\verify.dll
Event: 7.471 Loaded shared library C:\Users\user\AppData\Roaming\Code\User\globalStorage\redhat.java\1.34.0\config_win\org.eclipse.equinox.launcher\org.eclipse.equinox.launcher.win32.win32.x86_64_1.2.1100.v20240722-2106\eclipse_11904.dll
Event: 19.190 Loaded shared library C:\Users\user\.vscode\extensions\redhat.java-1.34.0-win32-x64\jre\17.0.12-win32-x86_64\bin\management.dll
Event: 19.194 Loaded shared library C:\Users\user\.vscode\extensions\redhat.java-1.34.0-win32-x64\jre\17.0.12-win32-x86_64\bin\management_ext.dll
Event: 21.290 Loaded shared library C:\Users\user\AppData\Local\Temp\jna-3599307\jna12706584412430751126.dll

Deoptimization events (20 events):
Event: 21.354 Thread 0x000001ccb7e78dd0 DEOPT PACKING pc=0x000001cca7d1b508 sp=0x000000bea0dfd9c0
Event: 21.354 Thread 0x000001ccb7e78dd0 DEOPT UNPACKING pc=0x000001cca7609ea3 sp=0x000000bea0dfd7d8 mode 2
Event: 21.354 Thread 0x000001ccb7e78dd0 Uncommon trap: trap_request=0xffffffde fr.pc=0x000001cca7c09f10 relative=0x00000000000001d0
Event: 21.354 Thread 0x000001ccb7e78dd0 Uncommon trap: reason=class_check action=maybe_recompile pc=0x000001cca7c09f10 method=java.io.BufferedInputStream.read1([BII)I @ 39 c2
Event: 21.354 Thread 0x000001ccb7e78dd0 DEOPT PACKING pc=0x000001cca7c09f10 sp=0x000000bea0dfd640
Event: 21.354 Thread 0x000001ccb7e78dd0 DEOPT UNPACKING pc=0x000001cca7609ea3 sp=0x000000bea0dfd5e8 mode 2
Event: 21.417 Thread 0x000001ccb7b59020 Uncommon trap: trap_request=0xffffff45 fr.pc=0x000001cca7b59e54 relative=0x0000000000000154
Event: 21.417 Thread 0x000001ccb7b59020 Uncommon trap: reason=unstable_if action=reinterpret pc=0x000001cca7b59e54 method=java.lang.String.isLatin1()Z @ 10 c2
Event: 21.417 Thread 0x000001ccb7b59020 DEOPT PACKING pc=0x000001cca7b59e54 sp=0x000000bea08fc5b0
Event: 21.419 Thread 0x000001ccb7b59020 DEOPT UNPACKING pc=0x000001cca7609ea3 sp=0x000000bea08fc4e0 mode 2
Event: 21.424 Thread 0x000001ccb7b59020 Uncommon trap: trap_request=0xffffff45 fr.pc=0x000001cca7c5ea44 relative=0x0000000000000b64
Event: 21.425 Thread 0x000001ccb7b59020 Uncommon trap: reason=unstable_if action=reinterpret pc=0x000001cca7c5ea44 method=jdk.internal.org.objectweb.asm.SymbolTable.put(Ljdk/internal/org/objectweb/asm/SymbolTable$Entry;)Ljdk/internal/org/objectweb/asm/SymbolTable$Entry; @ 13 c2
Event: 21.425 Thread 0x000001ccb7b59020 DEOPT PACKING pc=0x000001cca7c5ea44 sp=0x000000bea08fbef0
Event: 21.427 Thread 0x000001ccb7b59020 DEOPT UNPACKING pc=0x000001cca7609ea3 sp=0x000000bea08fbe38 mode 2
Event: 21.450 Thread 0x000001ccb7e78dd0 Uncommon trap: trap_request=0xffffff45 fr.pc=0x000001cca7d2fba0 relative=0x0000000000000f00
Event: 21.450 Thread 0x000001ccb7e78dd0 Uncommon trap: reason=unstable_if action=reinterpret pc=0x000001cca7d2fba0 method=sun.nio.cs.StreamDecoder.read0()I @ 39 c2
Event: 21.450 Thread 0x000001ccb7e78dd0 DEOPT PACKING pc=0x000001cca7d2fba0 sp=0x000000bea0dfd990
Event: 21.450 Thread 0x000001ccb7e78dd0 DEOPT UNPACKING pc=0x000001cca7609ea3 sp=0x000000bea0dfd8b8 mode 2
Event: 21.590 Thread 0x000001ccb7b59020 DEOPT PACKING pc=0x000001cca04b1f5c sp=0x000000bea08fd790
Event: 21.590 Thread 0x000001ccb7b59020 DEOPT UNPACKING pc=0x000001cca760a9e3 sp=0x000000bea08fcce0 mode 0

Classes loaded (20 events):
Event: 21.979 Loading class java/nio/channels/AsynchronousFileChannel done
Event: 21.980 Loading class sun/nio/ch/WindowsAsynchronousFileChannelImpl
Event: 21.980 Loading class sun/nio/ch/Iocp$OverlappedChannel
Event: 21.980 Loading class sun/nio/ch/Iocp$OverlappedChannel done
Event: 21.980 Loading class sun/nio/ch/Groupable
Event: 21.980 Loading class sun/nio/ch/Groupable done
Event: 21.980 Loading class sun/nio/ch/AsynchronousFileChannelImpl
Event: 21.980 Loading class sun/nio/ch/AsynchronousFileChannelImpl done
Event: 21.980 Loading class sun/nio/ch/WindowsAsynchronousFileChannelImpl done
Event: 21.981 Loading class sun/nio/ch/WindowsAsynchronousFileChannelImpl$DefaultIocpHolder
Event: 21.981 Loading class sun/nio/ch/WindowsAsynchronousFileChannelImpl$DefaultIocpHolder done
Event: 21.981 Loading class sun/nio/ch/Iocp
Event: 21.981 Loading class sun/nio/ch/AsynchronousChannelGroupImpl
Event: 21.981 Loading class java/nio/channels/AsynchronousChannelGroup
Event: 21.981 Loading class java/nio/channels/AsynchronousChannelGroup done
Event: 21.981 Loading class sun/nio/ch/AsynchronousChannelGroupImpl done
Event: 21.981 Loading class sun/nio/ch/Iocp done
Event: 21.982 Loading class sun/nio/ch/Iocp$CompletionStatus
Event: 21.982 Loading class sun/nio/ch/Iocp$CompletionStatus done
Event: 21.982 Loading class sun/nio/ch/ThreadPool

Classes unloaded (12 events):
Event: 19.163 Thread 0x000001cc9d481580 Unloading class 0x0000000100248400 'java/lang/invoke/LambdaForm$MH+0x0000000100248400'
Event: 19.163 Thread 0x000001cc9d481580 Unloading class 0x0000000100248000 'java/lang/invoke/LambdaForm$MH+0x0000000100248000'
Event: 19.163 Thread 0x000001cc9d481580 Unloading class 0x0000000100247c00 'java/lang/invoke/LambdaForm$MH+0x0000000100247c00'
Event: 19.163 Thread 0x000001cc9d481580 Unloading class 0x0000000100247800 'java/lang/invoke/LambdaForm$MH+0x0000000100247800'
Event: 19.163 Thread 0x000001cc9d481580 Unloading class 0x0000000100247400 'java/lang/invoke/LambdaForm$BMH+0x0000000100247400'
Event: 19.163 Thread 0x000001cc9d481580 Unloading class 0x0000000100247000 'java/lang/invoke/LambdaForm$DMH+0x0000000100247000'
Event: 19.163 Thread 0x000001cc9d481580 Unloading class 0x0000000100244400 'java/lang/invoke/LambdaForm$DMH+0x0000000100244400'
Event: 20.766 Thread 0x000001cc9d481580 Unloading class 0x0000000100382800 'java/lang/invoke/LambdaForm$MH+0x0000000100382800'
Event: 20.766 Thread 0x000001cc9d481580 Unloading class 0x0000000100382000 'java/lang/invoke/LambdaForm$MH+0x0000000100382000'
Event: 20.766 Thread 0x000001cc9d481580 Unloading class 0x0000000100381800 'java/lang/invoke/LambdaForm$MH+0x0000000100381800'
Event: 20.766 Thread 0x000001cc9d481580 Unloading class 0x0000000100381400 'java/lang/invoke/LambdaForm$DMH+0x0000000100381400'
Event: 20.766 Thread 0x000001cc9d481580 Unloading class 0x0000000100380400 'java/lang/invoke/LambdaForm$MH+0x0000000100380400'

Classes redefined (0 events):
No events

Internal exceptions (20 events):
Event: 20.640 Thread 0x000001ccb7e78dd0 Exception <a 'java/lang/NoSuchMethodError'{0x00000000eba3fb38}: 'int java.lang.invoke.DirectMethodHandle$Holder.invokeStaticInit(java.lang.Object, double, double)'> (0x00000000eba3fb38) 
thrown [s\src\hotspot\share\interpreter\linkResolver.cpp, line 759]
Event: 20.640 Thread 0x000001ccb7e78dd0 Exception <a 'java/lang/NoSuchMethodError'{0x00000000eba44398}: 'int java.lang.invoke.DirectMethodHandle$Holder.invokeStatic(java.lang.Object, long)'> (0x00000000eba44398) 
thrown [s\src\hotspot\share\interpreter\linkResolver.cpp, line 759]
Event: 20.647 Thread 0x000001ccb7e78dd0 Exception <a 'java/lang/NoSuchMethodError'{0x00000000eba79008}: 'int java.lang.invoke.Invokers$Holder.linkToTargetMethod(java.lang.Object, java.lang.Object)'> (0x00000000eba79008) 
thrown [s\src\hotspot\share\interpreter\linkResolver.cpp, line 759]
Event: 20.648 Thread 0x000001ccb7e7b650 Exception <a 'java/lang/NoSuchMethodError'{0x00000000eba870d8}: 'int java.lang.invoke.DirectMethodHandle$Holder.invokeSpecial(java.lang.Object, java.lang.Object, java.lang.Object, java.lang.Object)'> (0x00000000eba870d8) 
thrown [s\src\hotspot\share\interpreter\linkResolver.cpp, line 759]
Event: 20.653 Thread 0x000001ccb7e7b650 Exception <a 'java/lang/NoSuchMethodError'{0x00000000ebabe388}: 'java.lang.Object java.lang.invoke.DirectMethodHandle$Holder.invokeStatic(java.lang.Object, int, java.lang.Object, java.lang.Object)'> (0x00000000ebabe388) 
thrown [s\src\hotspot\share\interpreter\linkResolver.cpp, line 759]
Event: 20.653 Thread 0x000001ccb7e7b650 Exception <a 'java/lang/NoSuchMethodError'{0x00000000ebac8d00}: 'java.lang.Object java.lang.invoke.DelegatingMethodHandle$Holder.delegate(java.lang.Object, int, java.lang.Object, java.lang.Object)'> (0x00000000ebac8d00) 
thrown [s\src\hotspot\share\interpreter\linkResolver.cpp, line 759]
Event: 20.656 Thread 0x000001ccb7e7b650 Exception <a 'java/lang/NoSuchMethodError'{0x00000000ebb590e0}: 'int java.lang.invoke.Invokers$Holder.linkToTargetMethod(java.lang.Object, java.lang.Object, java.lang.Object)'> (0x00000000ebb590e0) 
thrown [s\src\hotspot\share\interpreter\linkResolver.cpp, line 759]
Event: 20.663 Thread 0x000001ccb7b59020 Exception <a 'java/lang/ClassNotFoundException'{0x00000000ebb1ba98}: com/sun/org/apache/xml/internal/serializer/spi/XMLEntitiesProvider> (0x00000000ebb1ba98) 
thrown [s\src\hotspot\share\classfile\systemDictionary.cpp, line 256]
Event: 20.700 Thread 0x000001ccb7e78dd0 Exception <a 'java/lang/NoSuchMethodError'{0x00000000ebd806b0}: 'java.lang.Object java.lang.invoke.DirectMethodHandle$Holder.invokeSpecialIFC(java.lang.Object, java.lang.Object, java.lang.Object, java.lang.Object)'> (0x00000000ebd806b0) 
thrown [s\src\hotspot\share\interpreter\linkResolver.cpp, line 759]
Event: 20.984 Thread 0x000001ccb7b59020 Exception <a 'java/io/FileNotFoundException'{0x00000000eb15f0c8}> (0x00000000eb15f0c8) 
thrown [s\src\hotspot\share\prims\jni.cpp, line 516]
Event: 21.103 Thread 0x000001ccb7e78dd0 Exception <a 'java/lang/NoSuchMethodError'{0x00000000eb760fc0}: 'int java.lang.invoke.DirectMethodHandle$Holder.invokeStatic(java.lang.Object, java.lang.Object, java.lang.Object, java.lang.Object, java.lang.Object)'> (0x00000000eb760fc0) 
thrown [s\src\hotspot\share\interpreter\linkResolver.cpp, line 759]
Event: 21.296 Thread 0x000001ccb7e78dd0 Exception <a 'java/lang/NoClassDefFoundError'{0x00000000ebe2a0a0}: javax/enterprise/inject/Typed> (0x00000000ebe2a0a0) 
thrown [s\src\hotspot\share\classfile\systemDictionary.cpp, line 245]
Event: 21.506 Thread 0x000001ccb7b59020 Exception <a 'java/lang/UnsatisfiedLinkError'{0x00000000eb307b68}: 지정된 프로시저를 찾을 수 없습니다.
> (0x00000000eb307b68) 
thrown [s\src\hotspot\share\prims\jni.cpp, line 535]
Event: 21.524 Thread 0x000001ccb7b59020 Exception <a 'java/io/FileNotFoundException'{0x00000000eb3302e0}> (0x00000000eb3302e0) 
thrown [s\src\hotspot\share\prims\jni.cpp, line 516]
Event: 21.555 Thread 0x000001ccb7b59020 Exception <a 'java/io/FileNotFoundException'{0x00000000eb5b8510}> (0x00000000eb5b8510) 
thrown [s\src\hotspot\share\prims\jni.cpp, line 516]
Event: 21.572 Thread 0x000001ccb7b59020 Exception <a 'java/lang/UnsatisfiedLinkError'{0x00000000eb743ef8}: 지정된 프로시저를 찾을 수 없습니다.
> (0x00000000eb743ef8) 
thrown [s\src\hotspot\share\prims\jni.cpp, line 535]
Event: 21.921 Thread 0x000001cc9d3f1280 Exception <a 'java/io/FileNotFoundException'{0x00000000ec0b0a58}> (0x00000000ec0b0a58) 
thrown [s\src\hotspot\share\prims\jni.cpp, line 516]
Event: 21.972 Thread 0x000001cc9d3f1280 Exception <a 'java/lang/NoSuchMethodError'{0x00000000eb0d2e30}: 'java.lang.Object java.lang.invoke.DirectMethodHandle$Holder.invokeStatic(java.lang.Object, java.lang.Object, long, java.lang.Object)'> (0x00000000eb0d2e30) 
thrown [s\src\hotspot\share\interpreter\linkResolver.cpp, line 759]
Event: 21.972 Thread 0x000001cc9d3f1280 Exception <a 'java/lang/NoSuchMethodError'{0x00000000eb0d68c8}: 'java.lang.Object java.lang.invoke.DirectMethodHandle$Holder.invokeStaticInit(java.lang.Object, java.lang.Object, long, java.lang.Object)'> (0x00000000eb0d68c8) 
thrown [s\src\hotspot\share\interpreter\linkResolver.cpp, line 759]
Event: 21.973 Thread 0x000001cc9d3f1280 Exception <a 'java/lang/NoSuchMethodError'{0x00000000eb112630}: 'java.lang.Object java.lang.invoke.DirectMethodHandle$Holder.newInvokeSpecial(java.lang.Object, java.lang.Object, long)'> (0x00000000eb112630) 
thrown [s\src\hotspot\share\interpreter\linkResolver.cpp, line 759]

VM Operations (20 events):
Event: 20.463 Executing VM operation: HandshakeAllThreads
Event: 20.463 Executing VM operation: HandshakeAllThreads done
Event: 20.651 Executing VM operation: HandshakeAllThreads
Event: 20.651 Executing VM operation: HandshakeAllThreads done
Event: 20.655 Executing VM operation: HandshakeAllThreads
Event: 20.655 Executing VM operation: HandshakeAllThreads done
Event: 20.683 Executing VM operation: HandshakeAllThreads
Event: 20.683 Executing VM operation: HandshakeAllThreads done
Event: 20.755 Executing VM operation: CollectForMetadataAllocation
Event: 20.797 Executing VM operation: CollectForMetadataAllocation done
Event: 20.917 Executing VM operation: HandshakeAllThreads
Event: 20.917 Executing VM operation: HandshakeAllThreads done
Event: 21.276 Executing VM operation: HandshakeAllThreads
Event: 21.276 Executing VM operation: HandshakeAllThreads done
Event: 21.364 Executing VM operation: ParallelGCFailedAllocation
Event: 21.379 Executing VM operation: ParallelGCFailedAllocation done
Event: 21.391 Executing VM operation: HandshakeAllThreads
Event: 21.391 Executing VM operation: HandshakeAllThreads done
Event: 21.921 Executing VM operation: ParallelGCFailedAllocation
Event: 21.924 Executing VM operation: ParallelGCFailedAllocation done

Events (20 events):
Event: 8.398 Thread 0x000001ccb66b7cb0 Thread exited: 0x000001ccb66b7cb0
Event: 10.683 Thread 0x000001ccb66b7cb0 Thread added: 0x000001ccb66b7cb0
Event: 10.980 Thread 0x000001ccb7727680 Thread added: 0x000001ccb7727680
Event: 11.006 Thread 0x000001ccb66b7cb0 Thread exited: 0x000001ccb66b7cb0
Event: 18.737 Thread 0x000001ccb7e7ac30 Thread added: 0x000001ccb7e7ac30
Event: 18.805 Thread 0x000001ccb7e788c0 Thread added: 0x000001ccb7e788c0
Event: 19.046 Thread 0x000001ccb7e7b140 Thread added: 0x000001ccb7e7b140
Event: 19.254 Thread 0x000001ccb7e78dd0 Thread added: 0x000001ccb7e78dd0
Event: 19.271 Thread 0x000001ccb7e7b650 Thread added: 0x000001ccb7e7b650
Event: 19.413 Thread 0x000001ccb76af0e0 Thread added: 0x000001ccb76af0e0
Event: 19.847 Thread 0x000001ccb76af0e0 Thread exited: 0x000001ccb76af0e0
Event: 19.899 Thread 0x000001ccb76af0e0 Thread added: 0x000001ccb76af0e0
Event: 20.201 Thread 0x000001ccb7e79d00 Thread added: 0x000001ccb7e79d00
Event: 20.469 Thread 0x000001ccb76af0e0 Thread exited: 0x000001ccb76af0e0
Event: 20.575 Thread 0x000001ccb8e379c0 Thread added: 0x000001ccb8e379c0
Event: 20.623 Thread 0x000001ccb7e7a210 Thread added: 0x000001ccb7e7a210
Event: 20.680 Thread 0x000001ccb8a84820 Thread added: 0x000001ccb8a84820
Event: 20.797 Thread 0x000001ccb7e792e0 Thread added: 0x000001ccb7e792e0
Event: 21.417 Thread 0x000001ccb7e783b0 Thread added: 0x000001ccb7e783b0
Event: 21.761 Thread 0x000001ccb8a84820 Thread exited: 0x000001ccb8a84820


Dynamic libraries:
0x00007ff61abb0000 - 0x00007ff61abbe000 	c:\Users\user\.vscode\extensions\redhat.java-1.34.0-win32-x64\jre\17.0.12-win32-x86_64\bin\java.exe
0x00007ff9d85f0000 - 0x00007ff9d8807000 	C:\WINDOWS\SYSTEM32\ntdll.dll
0x00007ff9d80e0000 - 0x00007ff9d81a4000 	C:\WINDOWS\System32\KERNEL32.DLL
0x00007ff9d5910000 - 0x00007ff9d5cbd000 	C:\WINDOWS\System32\KERNELBASE.dll
0x00007ff9d5cc0000 - 0x00007ff9d5dd1000 	C:\WINDOWS\System32\ucrtbase.dll
0x00007ff9a4730000 - 0x00007ff9a474b000 	c:\Users\user\.vscode\extensions\redhat.java-1.34.0-win32-x64\jre\17.0.12-win32-x86_64\bin\VCRUNTIME140.dll
0x00007ff998ee0000 - 0x00007ff998ef7000 	c:\Users\user\.vscode\extensions\redhat.java-1.34.0-win32-x64\jre\17.0.12-win32-x86_64\bin\jli.dll
0x00007ff9d8400000 - 0x00007ff9d85ae000 	C:\WINDOWS\System32\USER32.dll
0x00007ff9d6050000 - 0x00007ff9d6076000 	C:\WINDOWS\System32\win32u.dll
0x00007ff9d80b0000 - 0x00007ff9d80d9000 	C:\WINDOWS\System32\GDI32.dll
0x00007ff9d5e80000 - 0x00007ff9d5f99000 	C:\WINDOWS\System32\gdi32full.dll
0x00007ff9d5de0000 - 0x00007ff9d5e7a000 	C:\WINDOWS\System32\msvcp_win.dll
0x00007ff9b9850000 - 0x00007ff9b9ae3000 	C:\WINDOWS\WinSxS\amd64_microsoft.windows.common-controls_6595b64144ccf1df_6.0.22621.3672_none_2713b9d173822955\COMCTL32.dll
0x00007ff9d63b0000 - 0x00007ff9d6457000 	C:\WINDOWS\System32\msvcrt.dll
0x00007ff9d81b0000 - 0x00007ff9d81e1000 	C:\WINDOWS\System32\IMM32.DLL
0x00007ff9a38a0000 - 0x00007ff9a38ac000 	c:\Users\user\.vscode\extensions\redhat.java-1.34.0-win32-x64\jre\17.0.12-win32-x86_64\bin\vcruntime140_1.dll
0x00007ff97e4e0000 - 0x00007ff97e56d000 	c:\Users\user\.vscode\extensions\redhat.java-1.34.0-win32-x64\jre\17.0.12-win32-x86_64\bin\msvcp140.dll
0x00007ff90b720000 - 0x00007ff90c38a000 	c:\Users\user\.vscode\extensions\redhat.java-1.34.0-win32-x64\jre\17.0.12-win32-x86_64\bin\server\jvm.dll
0x00007ff9d7c20000 - 0x00007ff9d7cd2000 	C:\WINDOWS\System32\ADVAPI32.dll
0x00007ff9d6fa0000 - 0x00007ff9d7049000 	C:\WINDOWS\System32\sechost.dll
0x00007ff9d6020000 - 0x00007ff9d6048000 	C:\WINDOWS\System32\bcrypt.dll
0x00007ff9d7b00000 - 0x00007ff9d7c14000 	C:\WINDOWS\System32\RPCRT4.dll
0x00007ff9d7df0000 - 0x00007ff9d7e61000 	C:\WINDOWS\System32\WS2_32.dll
0x00007ff9d0070000 - 0x00007ff9d00a4000 	C:\WINDOWS\SYSTEM32\WINMM.dll
0x00007ff9cd1e0000 - 0x00007ff9cd1ea000 	C:\WINDOWS\SYSTEM32\VERSION.dll
0x00007ff9d47c0000 - 0x00007ff9d480d000 	C:\WINDOWS\SYSTEM32\POWRPROF.dll
0x00007ff9d47a0000 - 0x00007ff9d47b3000 	C:\WINDOWS\SYSTEM32\UMPDC.dll
0x00007ff9d4a50000 - 0x00007ff9d4a68000 	C:\WINDOWS\SYSTEM32\kernel.appcore.dll
0x00007ff99b350000 - 0x00007ff99b35a000 	c:\Users\user\.vscode\extensions\redhat.java-1.34.0-win32-x64\jre\17.0.12-win32-x86_64\bin\jimage.dll
0x00007ff9d2c70000 - 0x00007ff9d2ea2000 	C:\WINDOWS\SYSTEM32\DBGHELP.DLL
0x00007ff9d74d0000 - 0x00007ff9d785e000 	C:\WINDOWS\System32\combase.dll
0x00007ff9d8250000 - 0x00007ff9d8327000 	C:\WINDOWS\System32\OLEAUT32.dll
0x00007ff9b0bf0000 - 0x00007ff9b0c22000 	C:\WINDOWS\SYSTEM32\dbgcore.DLL
0x00007ff9d5fa0000 - 0x00007ff9d601b000 	C:\WINDOWS\System32\bcryptPrimitives.dll
0x00007ff99af20000 - 0x00007ff99af2e000 	c:\Users\user\.vscode\extensions\redhat.java-1.34.0-win32-x64\jre\17.0.12-win32-x86_64\bin\instrument.dll
0x00007ff980a30000 - 0x00007ff980a55000 	c:\Users\user\.vscode\extensions\redhat.java-1.34.0-win32-x64\jre\17.0.12-win32-x86_64\bin\java.dll
0x00007ff9894e0000 - 0x00007ff9894f8000 	c:\Users\user\.vscode\extensions\redhat.java-1.34.0-win32-x64\jre\17.0.12-win32-x86_64\bin\zip.dll
0x00007ff9d65d0000 - 0x00007ff9d6e37000 	C:\WINDOWS\System32\SHELL32.dll
0x00007ff9d38a0000 - 0x00007ff9d419f000 	C:\WINDOWS\SYSTEM32\windows.storage.dll
0x00007ff9d3760000 - 0x00007ff9d389f000 	C:\WINDOWS\SYSTEM32\wintypes.dll
0x00007ff9d7cf0000 - 0x00007ff9d7de9000 	C:\WINDOWS\System32\SHCORE.dll
0x00007ff9d83a0000 - 0x00007ff9d83fe000 	C:\WINDOWS\System32\shlwapi.dll
0x00007ff9d5840000 - 0x00007ff9d5867000 	C:\WINDOWS\SYSTEM32\profapi.dll
0x00007ff989590000 - 0x00007ff9895a9000 	C:\Users\user\.vscode\extensions\redhat.java-1.34.0-win32-x64\jre\17.0.12-win32-x86_64\bin\net.dll
0x00007ff9d12a0000 - 0x00007ff9d13d6000 	C:\WINDOWS\SYSTEM32\WINHTTP.dll
0x00007ff9d4ec0000 - 0x00007ff9d4f29000 	C:\WINDOWS\system32\mswsock.dll
0x00007ff988fc0000 - 0x00007ff988fd6000 	C:\Users\user\.vscode\extensions\redhat.java-1.34.0-win32-x64\jre\17.0.12-win32-x86_64\bin\nio.dll
0x00007ff998ed0000 - 0x00007ff998ee0000 	c:\Users\user\.vscode\extensions\redhat.java-1.34.0-win32-x64\jre\17.0.12-win32-x86_64\bin\verify.dll
0x00007ff97ad30000 - 0x00007ff97ad75000 	C:\Users\user\AppData\Roaming\Code\User\globalStorage\redhat.java\1.34.0\config_win\org.eclipse.equinox.launcher\org.eclipse.equinox.launcher.win32.win32.x86_64_1.2.1100.v20240722-2106\eclipse_11904.dll
0x00007ff9d7950000 - 0x00007ff9d7af5000 	C:\WINDOWS\System32\ole32.dll
0x00007ff998e60000 - 0x00007ff998e69000 	C:\Users\user\.vscode\extensions\redhat.java-1.34.0-win32-x64\jre\17.0.12-win32-x86_64\bin\management.dll
0x00007ff998900000 - 0x00007ff99890b000 	C:\Users\user\.vscode\extensions\redhat.java-1.34.0-win32-x64\jre\17.0.12-win32-x86_64\bin\management_ext.dll
0x00007ff9d8390000 - 0x00007ff9d8398000 	C:\WINDOWS\System32\PSAPI.DLL
0x00007ff9d5110000 - 0x00007ff9d512b000 	C:\WINDOWS\SYSTEM32\CRYPTSP.dll
0x00007ff9d49b0000 - 0x00007ff9d49e5000 	C:\WINDOWS\system32\rsaenh.dll
0x00007ff9d4fb0000 - 0x00007ff9d4fd8000 	C:\WINDOWS\SYSTEM32\USERENV.dll
0x00007ff9d5130000 - 0x00007ff9d513c000 	C:\WINDOWS\SYSTEM32\CRYPTBASE.dll
0x00007ff9d44b0000 - 0x00007ff9d44dd000 	C:\WINDOWS\SYSTEM32\IPHLPAPI.DLL
0x00007ff9d7ce0000 - 0x00007ff9d7ce9000 	C:\WINDOWS\System32\NSI.dll
0x00007ff9d0f50000 - 0x00007ff9d0f69000 	C:\WINDOWS\SYSTEM32\dhcpcsvc6.DLL
0x00007ff9d0f30000 - 0x00007ff9d0f4f000 	C:\WINDOWS\SYSTEM32\dhcpcsvc.DLL
0x00007ff9d44e0000 - 0x00007ff9d45d8000 	C:\WINDOWS\SYSTEM32\DNSAPI.dll
0x00007ff96e4a0000 - 0x00007ff96e4e5000 	C:\Users\user\AppData\Local\Temp\jna-3599307\jna12706584412430751126.dll

dbghelp: loaded successfully - version: 4.0.5 - missing functions: none
symbol engine: initialized successfully - sym options: 0x614 - pdb path: .;c:\Users\user\.vscode\extensions\redhat.java-1.34.0-win32-x64\jre\17.0.12-win32-x86_64\bin;C:\WINDOWS\SYSTEM32;C:\WINDOWS\WinSxS\amd64_microsoft.windows.common-controls_6595b64144ccf1df_6.0.22621.3672_none_2713b9d173822955;c:\Users\user\.vscode\extensions\redhat.java-1.34.0-win32-x64\jre\17.0.12-win32-x86_64\bin\server;C:\Users\user\AppData\Roaming\Code\User\globalStorage\redhat.java\1.34.0\config_win\org.eclipse.equinox.launcher\org.eclipse.equinox.launcher.win32.win32.x86_64_1.2.1100.v20240722-2106;C:\Users\user\AppData\Local\Temp\jna-3599307

VM Arguments:
jvm_args: --add-modules=ALL-SYSTEM --add-opens=java.base/java.util=ALL-UNNAMED --add-opens=java.base/java.lang=ALL-UNNAMED --add-opens=java.base/sun.nio.fs=ALL-UNNAMED -Declipse.application=org.eclipse.jdt.ls.core.id1 -Dosgi.bundles.defaultStartLevel=4 -Declipse.product=org.eclipse.jdt.ls.core.product -Djava.import.generatesMetadataFilesAtProjectRoot=false -DDetectVMInstallationsJob.disabled=true -Dfile.encoding=utf8 -XX:+UseParallelGC -XX:GCTimeRatio=4 -XX:AdaptiveSizePolicyWeight=90 -Dsun.zip.disableMemoryMapping=true -Xmx1G -Xms100m -Xlog:disable -javaagent:c:\Users\user\.vscode\extensions\redhat.java-1.34.0-win32-x64\lombok\lombok-1.18.33.jar -XX:+HeapDumpOnOutOfMemoryError -XX:HeapDumpPath=c:\Users\user\AppData\Roaming\Code\User\workspaceStorage\db887223c2b6e3add415f21418295f00\redhat.java -Daether.dependencyCollector.impl=bf 
java_command: c:\Users\user\.vscode\extensions\redhat.java-1.34.0-win32-x64\server\plugins\org.eclipse.equinox.launcher_1.6.900.v20240613-2009.jar -configuration c:\Users\user\AppData\Roaming\Code\User\globalStorage\redhat.java\1.34.0\config_win -data c:\Users\user\AppData\Roaming\Code\User\workspaceStorage\db887223c2b6e3add415f21418295f00\redhat.java\jdt_ws --pipe=\\.\pipe\lsp-237200ba48d21f9cc9f742d7c9c2a5f2-sock
java_class_path (initial): c:\Users\user\.vscode\extensions\redhat.java-1.34.0-win32-x64\server\plugins\org.eclipse.equinox.launcher_1.6.900.v20240613-2009.jar
Launcher Type: SUN_STANDARD

[Global flags]
    uintx AdaptiveSizePolicyWeight                 = 90                                        {product} {command line}
     intx CICompilerCount                          = 4                                         {product} {ergonomic}
    uintx GCTimeRatio                              = 4                                         {product} {command line}
     bool HeapDumpOnOutOfMemoryError               = true                                   {manageable} {command line}
    ccstr HeapDumpPath                             = c:\Users\user\AppData\Roaming\Code\User\workspaceStorage\db887223c2b6e3add415f21418295f00\redhat.java         {manageable} {command line}
   size_t InitialHeapSize                          = 104857600                                 {product} {command line}
   size_t MaxHeapSize                              = 1073741824                                {product} {command line}
   size_t MaxNewSize                               = 357564416                                 {product} {ergonomic}
   size_t MinHeapDeltaBytes                        = 524288                                    {product} {ergonomic}
   size_t MinHeapSize                              = 104857600                                 {product} {command line}
   size_t NewSize                                  = 34603008                                  {product} {ergonomic}
    uintx NonNMethodCodeHeapSize                   = 5839372                                {pd product} {ergonomic}
    uintx NonProfiledCodeHeapSize                  = 122909434                              {pd product} {ergonomic}
   size_t OldSize                                  = 70254592                                  {product} {ergonomic}
    uintx ProfiledCodeHeapSize                     = 122909434                              {pd product} {ergonomic}
    uintx ReservedCodeCacheSize                    = 251658240                              {pd product} {ergonomic}
     bool SegmentedCodeCache                       = true                                      {product} {ergonomic}
   size_t SoftMaxHeapSize                          = 1073741824                             {manageable} {ergonomic}
     bool UseCompressedClassPointers               = true                           {product lp64_product} {ergonomic}
     bool UseCompressedOops                        = true                           {product lp64_product} {ergonomic}
     bool UseLargePagesIndividualAllocation        = false                                  {pd product} {ergonomic}
     bool UseParallelGC                            = true                                      {product} {command line}

Logging:
Log output configuration:
 #0: stdout all=off uptime,level,tags
 #1: stderr all=off uptime,level,tags

Environment Variables:
JAVA_HOME=C:\Program Files\Java\jdk-22
CLASSPATH=.;C:\Program Files\Java\jdk-22\lib\tools.jar;
PATH=C:\Users\user\bin;C:\Program Files\Git\mingw64\bin;C:\Program Files\Git\usr\local\bin;C:\Program Files\Git\usr\bin;C:\Program Files\Git\usr\bin;C:\Program Files\Git\mingw64\bin;C:\Program Files\Git\usr\bin;C:\Users\user\bin;C:\Users\user\AppData\Local\Programs\Python\Python312\Scripts;C:\Users\user\AppData\Local\Programs\Python\Python312;C:\WINDOWS.X64_193000_db_home\bin;C:\Program Files\Common Files\Oracle\Java\javapath;C:\windows\system32;C:\windows;C:\windows\System32\Wbem;C:\windows\System32\WindowsPowerShell\v1.0;C:\windows\System32\OpenSSH;C:\Program Files (x86)\NVIDIA Corporation\PhysX\Common;C:\Program Files\NVIDIA Corporation\NVIDIA NvDLISR;C:\Program Files\Java\jdk-22\bin;C:\Program Files\Bandizip;C:\Program Files\Git\cmd;C:\WINDOWS\system32;C:\WINDOWS;C:\WINDOWS\System32\Wbem;C:\WINDOWS\System32\WindowsPowerShell\v1.0;C:\WINDOWS\System32\OpenSSH;C:\Program Files\Java\jdk-11.0.17\bin;C:\Program Files\dotnet;C:\ProgramData\chocolatey\bin;C:\Program Files\nodejs;C:\Users\user\AppData\Local\Programs\Python\Launcher;C:\Program Files\MySQL\MySQL Shell 8.0\bin;C:\Users\user\AppData\Local\Microsoft\WindowsApps;C:\Users\user\AppData\Local\Programs\Microsoft VS Code\bin;C:\Program Files\JetBrains\PyCharm 2023.2.1\bin;C:\Flutter\flutter\bin;C:\Users\user\.dotnet\tools;C:\Users\user\AppData\Roaming\npm;C:\Users\user\AppData\Local\GitHubDesktop\bin;C:\Program Files\Git\usr\bin\vendor_perl;C:\Program Files\Git\usr\bin\core_perl
USERNAME=user
SHELL=C:\Program Files\Git\usr\bin\bash.exe
DISPLAY=needs-to-be-defined
LANG=ko_KR.UTF-8
TERM=xterm-256color
TMPDIR=C:\Users\user\AppData\Local\Temp
OS=Windows_NT
PROCESSOR_IDENTIFIER=Intel64 Family 6 Model 140 Stepping 1, GenuineIntel
TMP=C:\Users\user\AppData\Local\Temp
TEMP=C:\Users\user\AppData\Local\Temp



Periodic native trim disabled


---------------  S Y S T E M  ---------------

OS:
 Windows 11 , 64 bit Build 22621 (10.0.22621.3958)
OS uptime: 5 days 0:56 hours

CPU: total 8 (initial active 8) (4 cores per cpu, 2 threads per core) family 6 model 140 stepping 1 microcode 0xb4, cx8, cmov, fxsr, ht, mmx, 3dnowpref, sse, sse2, sse3, ssse3, sse4.1, sse4.2, popcnt, lzcnt, tsc, tscinvbit, avx, avx2, aes, erms, clmul, bmi1, bmi2, adx, avx512f, avx512dq, avx512cd, avx512bw, avx512vl, sha, fma, vzeroupper, avx512_vpopcntdq, avx512_vpclmulqdq, avx512_vaes, avx512_vnni, clflush, clflushopt, clwb, avx512_vbmi2, avx512_vbmi
Processor Information for all 8 processors :
  Max Mhz: 2803, Current Mhz: 2803, Mhz Limit: 2803

Memory: 4k page, system-wide physical 16057M (1787M free)
TotalPageFile size 29723M (AvailPageFile size 8M)
current process WorkingSet (physical memory assigned to process): 186M, peak: 188M
current process commit charge ("private bytes"): 279M, peak: 284M

vm_info: OpenJDK 64-Bit Server VM (17.0.12+7) for windows-amd64 JRE (17.0.12+7), built on Jul 16 2024 22:08:24 by "admin" with MS VC++ 16.10 / 16.11 (VS2019)

END.
